Rebuild target 'SpiTest'
compiling main.c...
compiling GPIO.c...
compiling SPI.c...
compiling USART.C...
..\Hardware\USART.C(155): error C204: 'TX_write': undefined member
..\Hardware\USART.C(156): error C204: 'TX_write': undefined member
..\Hardware\USART.C(156): error C204: 'TX_write': undefined member
..\Hardware\USART.C(158): error C204: 'B_TX_busy': undefined member
..\Hardware\USART.C(160): error C204: 'B_TX_busy': undefined member
..\Hardware\USART.C(165): error C204: 'TX_write': undefined member
..\Hardware\USART.C(166): error C204: 'TX_write': undefined member
..\Hardware\USART.C(166): error C204: 'TX_write': undefined member
..\Hardware\USART.C(168): error C204: 'B_TX_busy': undefined member
..\Hardware\USART.C(170): error C204: 'B_TX_busy': undefined member
compiling MCP3302.c...
compiling delay.c...
compiling timer.c...
Target not created.
Build Time Elapsed:  00:00:01
